<?xml version="1.0" encoding="UTF-8"?>
<testsuite xmlns:xsi="http://www.w3.org/2001/XMLSchema-instance" xsi:noNamespaceSchemaLocation="https://maven.apache.org/surefire/maven-surefire-plugin/xsd/surefire-test-report.xsd" name="com.pluralsight.bookstore.repository.BookRepositoryTest" time="2.51" tests="14" errors="0" skipped="0" failures="0">
  <properties>
[...]
</properties>
  <testcase name="shouldBeDeployed" classname="com.pluralsight.bookstore.repository.BookRepositoryTest" time="0.096"/>
  <testcase name="shouldGetNoBook" classname="com.pluralsight.bookstore.repository.BookRepositoryTest" time="0.012"/>
  <testcase name="shouldCreateABook" classname="com.pluralsight.bookstore.repository.BookRepositoryTest" time="0.011"/>
  <testcase name="shouldFindTheCreatedBook" classname="com.pluralsight.bookstore.repository.BookRepositoryTest" time="0.011"/>
  <testcase name="shouldGetOneBook" classname="com.pluralsight.bookstore.repository.BookRepositoryTest" time="0.011"/>
  <testcase name="shouldGetNoMoreBook" classname="com.pluralsight.bookstore.repository.BookRepositoryTest" time="0.01"/>
  <testcase name="shouldFailCreatingANullBook" classname="com.pluralsight.bookstore.repository.BookRepositoryTest" time="0.018"/>
  <testcase name="shouldFailCreatingABookWithNullTitle" classname="com.pluralsight.bookstore.repository.BookRepositoryTest" time="0.025"/>
  <testcase name="shouldFailCreatingABookWithLowUnitCostTitle" classname="com.pluralsight.bookstore.repository.BookRepositoryTest" time="0.015"/>
  <testcase name="shouldFailCreatingABookWithNullISBN" classname="com.pluralsight.bookstore.repository.BookRepositoryTest" time="0.017"/>
  <testcase name="shouldFailInvokingFindByIdWithNull" classname="com.pluralsight.bookstore.repository.BookRepositoryTest" time="0.009"/>
  <testcase name="shouldNotFindUnknownId" classname="com.pluralsight.bookstore.repository.BookRepositoryTest" time="0.009"/>
  <testcase name="shouldFailInvokingDeleteByIdWithNull" classname="com.pluralsight.bookstore.repository.BookRepositoryTest" time="0.011"/>
  <testcase name="shouldNotDeleteUnknownId" classname="com.pluralsight.bookstore.repository.BookRepositoryTest" time="0.013"/>
</testsuite>